2025-05-05 13:59:35,849 MESSAGE: GetMasterTestsList BEGIN
 2025-05-05 13:59:35,867 MESSAGE: Get data from GetTestList API.
 2025-05-05 13:59:37,314 MESSAGE: Received response data from GetTestList API.
 2025-05-05 13:59:38,892 MESSAGE: Update Test List - [VC001 - Vcheck ALT]
 2025-05-05 13:59:39,135 MESSAGE: Update Test List - [VC002 - Vcheck ALP]
 2025-05-05 13:59:39,252 MESSAGE: Update Test List - [VC003 - Vcheck GGT]
 2025-05-05 13:59:39,333 MESSAGE: Update Test List - [VC004 - Vcheck TBIL]
 2025-05-05 13:59:39,438 MESSAGE: Update Test List - [VC005 - Vcheck CHOL]
 2025-05-05 13:59:39,527 MESSAGE: Update Test List - [VC006 - Vcheck GLU]
 2025-05-05 13:59:39,614 MESSAGE: Update Test List - [VC007 - Vcheck BUN]
 2025-05-05 13:59:39,705 MESSAGE: Update Test List - [VC008 - Vcheck CREA]
 2025-05-05 13:59:39,780 MESSAGE: Update Test List - [VC009 - Vcheck B/C]
 2025-05-05 13:59:39,872 MESSAGE: Update Test List - [VC010 - Vcheck PHOS]
 2025-05-05 13:59:39,944 MESSAGE: Update Test List - [VC011 - Vcheck Ca]
 2025-05-05 13:59:40,037 MESSAGE: Update Test List - [VC012 - Vcheck TP]
 2025-05-05 13:59:40,159 MESSAGE: Update Test List - [VC013 - Vcheck ALB]
 2025-05-05 13:59:40,268 MESSAGE: Update Test List - [VC014 - Vcheck GLOB]
 2025-05-05 13:59:40,375 MESSAGE: Update Test List - [VC015 - Vcheck A/G]
 2025-05-05 13:59:40,426 MESSAGE: Update Test List - [VC016 - Vcheck AMY]
 2025-05-05 13:59:40,504 MESSAGE: Update Test List - [VC017 - Vcheck LIP]
 2025-05-05 13:59:40,584 MESSAGE: Update Test List - [VC018 - Vcheck K]
 2025-05-05 13:59:40,658 MESSAGE: Update Test List - [VC019 - Vcheck Na]
 2025-05-05 13:59:40,717 MESSAGE: Update Test List - [VC020 - Vcheck Cl]
 2025-05-05 13:59:40,776 MESSAGE: Update Test List - [VC021 - Vcheck K/Na K/Na]
 2025-05-05 13:59:40,827 MESSAGE: Update Test List - [VC022 - Vcheck AST]
 2025-05-05 13:59:40,906 MESSAGE: Update Test List - [VC023 - Vcheck TRIG]
 2025-05-05 13:59:41,009 MESSAGE: Update Test List - [VF001 - Vcheck Canine CRP 2.0]
 2025-05-05 13:59:41,095 MESSAGE: Update Test List - [VF002 - Vcheck Feline SAA 3.0]
 2025-05-05 13:59:41,195 MESSAGE: Update Test List - [VF003 - Vcheck cPL 2.0]
 2025-05-05 13:59:41,268 MESSAGE: Update Test List - [VF004 - Vcheck fPL 2.0]
 2025-05-05 13:59:41,324 MESSAGE: Update Test List - [VF005 - VCheck SDMA]
 2025-05-05 13:59:41,409 MESSAGE: Update Test List - [VF006 - Vcheck cCortisol]
 2025-05-05 13:59:41,512 MESSAGE: Update Test List - [VF007 - Vcheck T4]
 2025-05-05 13:59:41,587 MESSAGE: Update Test List - [VF008 - Vcheck cTSH]
 2025-05-05 13:59:41,657 MESSAGE: Update Test List - [VF009 - Vcheck c.Progesterone]
 2025-05-05 13:59:41,710 MESSAGE: Update Test List - [VF010 - Vcheck D-dimer]
 2025-05-05 13:59:41,778 MESSAGE: Update Test List - [VF011 - Vcheck Canine NT-proBNP]
 2025-05-05 13:59:41,907 MESSAGE: Update Test List - [VF012 - Vcheck Feline NT-proBNP]
 2025-05-05 13:59:42,002 MESSAGE: Update Test List - [VF013 - Vcheck Canine TnI]
 2025-05-05 13:59:42,101 MESSAGE: Update Test List - [VF014 - Vcheck Feline TnI]
 2025-05-05 13:59:42,203 MESSAGE: Update Test List - [VF015 - Vcheck Equine SAA]
 2025-05-05 13:59:42,354 MESSAGE: Update Test List - [VF016 - Vcheck eProgesterone]
 2025-05-05 13:59:42,471 MESSAGE: Update Test List - [VF017 - Vcheck Foal IgG]
 2025-05-05 13:59:42,580 MESSAGE: Update Test List - [VF018 - Vcheck eACTH]
 2025-05-05 13:59:42,694 MESSAGE: Update Test List - [VF019 - Vcheck Phenobarbital]
 2025-05-05 13:59:42,804 MESSAGE: Update Test List - [VF020 - Vcheck Bile Acid]
 2025-05-05 13:59:42,959 MESSAGE: Update Test List - [VF021 - Vcheck Fructosamine]
 2025-05-05 13:59:43,072 MESSAGE: Update Test List - [VF022 - Vcheck CDV Ag]
 2025-05-05 13:59:43,180 MESSAGE: Update Test List - [VF023 - Vcheck CPV Ag]
 2025-05-05 13:59:43,319 MESSAGE: Update Test List - [VF024 - Vcheck CCV Ag]
 2025-05-05 13:59:43,457 MESSAGE: Update Test List - [VF025 - Vcheck CPV/CCV Ag(3 lines)]
 2025-05-05 13:59:43,586 MESSAGE: Update Test List - [VF026 - Vcheck CHW Ag]
 2025-05-05 13:59:43,702 MESSAGE: Update Test List - [VF027 - Vcheck CDV Ab]
 2025-05-05 13:59:43,816 MESSAGE: Update Test List - [VF028 - Vcheck CPV Ab]
 2025-05-05 13:59:43,917 MESSAGE: Update Test List - [VF029 - Vcheck CAV Ab]
 2025-05-05 13:59:44,024 MESSAGE: Update Test List - [VF030 - Vcheck FPV Ag]
 2025-05-05 13:59:44,143 MESSAGE: Update Test List - [VF031 - Vcheck FCoV Ag]
 2025-05-05 13:59:44,255 MESSAGE: Update Test List - [VF032 - Vcheck FPV Ab]
 2025-05-05 13:59:44,409 MESSAGE: Update Test List - [VF033 - Vcheck FHV Ab]
 2025-05-05 13:59:44,586 MESSAGE: Update Test List - [VF034 - Vcheck FCV Ab]
 2025-05-05 13:59:44,741 MESSAGE: Update Test List - [VG001 - Vcheck pH]
 2025-05-05 13:59:44,889 MESSAGE: Update Test List - [VG002 - Vcheck pCO2]
 2025-05-05 13:59:45,023 MESSAGE: Update Test List - [VG003 - Vcheck K]
 2025-05-05 13:59:45,132 MESSAGE: Update Test List - [VG004 - Vcheck pO2]
 2025-05-05 13:59:45,269 MESSAGE: Update Test List - [VG005 - Vcheck Na]
 2025-05-05 13:59:45,393 MESSAGE: Update Test List - [VG006 - Vcheck Ca2]
 2025-05-05 13:59:45,507 MESSAGE: Update Test List - [VG007 - Vcheck Cl]
 2025-05-05 13:59:45,627 MESSAGE: Update Test List - [VG008 - Vcheck Hct]
 2025-05-05 13:59:45,724 MESSAGE: Update Test List - [VG009 - Vcheck Lac]
 2025-05-05 13:59:45,844 MESSAGE: Update Test List - [VG010 - Vcheck Glu]
 2025-05-05 13:59:45,958 MESSAGE: Update Test List - [VG011 - Vcheck BUN]
 2025-05-05 13:59:46,063 MESSAGE: Update Test List - [VG012 - Vcheck CREA]
 2025-05-05 13:59:46,189 MESSAGE: Update Test List - [VG013 - Vcheck TCO2]
 2025-05-05 13:59:46,323 MESSAGE: Update Test List - [VG014 - Vcheck AG]
 2025-05-05 13:59:46,440 MESSAGE: Update Test List - [VG015 - Vcheck cHCO3]
 2025-05-05 13:59:46,541 MESSAGE: Update Test List - [VG016 - Vcheck BE(ecf)]
 2025-05-05 13:59:46,642 MESSAGE: Update Test List - [VG017 - Vcheck cSO2]
 2025-05-05 13:59:46,785 MESSAGE: Update Test List - [VG018 - Vcheck BE(b)]
 2025-05-05 13:59:46,934 MESSAGE: Update Test List - [VG019 - Vcheck cHgb]
 2025-05-05 13:59:47,064 MESSAGE: Update Test List - [VH001 - Vcheck WBC]
 2025-05-05 13:59:47,193 MESSAGE: Update Test List - [VH002 - Vcheck WBC-D]
 2025-05-05 13:59:47,313 MESSAGE: Update Test List - [VH003 - Vcheck WBC-I]
 2025-05-05 13:59:47,436 MESSAGE: Update Test List - [VH004 - Vcheck WBC-N]
 2025-05-05 13:59:47,547 MESSAGE: Update Test List - [VH005 - Vcheck LYM%]
 2025-05-05 13:59:47,683 MESSAGE: Update Test List - [VH006 - Vcheck LYM#]
 2025-05-05 13:59:47,822 MESSAGE: Update Test List - [VH007 - Vcheck MON%]
 2025-05-05 13:59:47,966 MESSAGE: Update Test List - [VH008 - Vcheck MON#]
 2025-05-05 13:59:48,077 MESSAGE: Update Test List - [VH009 - Vcheck NEU%]
 2025-05-05 13:59:48,210 MESSAGE: Update Test List - [VH010 - Vcheck NEU#]
 2025-05-05 13:59:48,326 MESSAGE: Update Test List - [VH011 - Vcheck EOS%]
 2025-05-05 13:59:48,443 MESSAGE: Update Test List - [VH012 - Vcheck EOS#]
 2025-05-05 13:59:48,573 MESSAGE: Update Test List - [VH013 - Vcheck BASO%]
 2025-05-05 13:59:48,693 MESSAGE: Update Test List - [VH014 - Vcheck BASO#]
 2025-05-05 13:59:48,790 MESSAGE: Update Test List - [VH015 - Vcheck IMG%]
 2025-05-05 13:59:48,885 MESSAGE: Update Test List - [VH016 - Vcheck IMG#]
 2025-05-05 13:59:48,980 MESSAGE: Update Test List - [VH017 - Vcheck PLT]
 2025-05-05 13:59:49,087 MESSAGE: Update Test List - [VH018 - Vcheck PLT-I]
 2025-05-05 13:59:49,183 MESSAGE: Update Test List - [VH019 - Vcheck PLT-O]
 2025-05-05 13:59:49,305 MESSAGE: Update Test List - [VH020 - Vcheck MPV]
 2025-05-05 13:59:49,443 MESSAGE: Update Test List - [VH021 - Vcheck PDW]
 2025-05-05 13:59:49,550 MESSAGE: Update Test List - [VH022 - Vcheck PCT]
 2025-05-05 13:59:49,656 MESSAGE: Update Test List - [VH023 - Vcheck P_LCC]
 2025-05-05 13:59:49,773 MESSAGE: Update Test List - [VH024 - Vcheck P_LCR]
 2025-05-05 13:59:49,903 MESSAGE: Update Test List - [VH025 - Vcheck IPF]
 2025-05-05 13:59:50,038 MESSAGE: Update Test List - [VH026 - Vcheck RBC]
 2025-05-05 13:59:50,157 MESSAGE: Update Test List - [VH027 - Vcheck RBC-I]
 2025-05-05 13:59:50,271 MESSAGE: Update Test List - [VH028 - Vcheck RBC-O]
 2025-05-05 13:59:50,404 MESSAGE: Update Test List - [VH029 - Vcheck HGB]
 2025-05-05 13:59:50,543 MESSAGE: Update Test List - [VH030 - Vcheck HCT]
 2025-05-05 13:59:50,680 MESSAGE: Update Test List - [VH031 - Vcheck MCV]
 2025-05-05 13:59:50,812 MESSAGE: Update Test List - [VH032 - Vcheck MCH]
 2025-05-05 13:59:50,946 MESSAGE: Update Test List - [VH033 - Vcheck MCHC]
 2025-05-05 13:59:51,077 MESSAGE: Update Test List - [VH034 - Vcheck RDW-CV]
 2025-05-05 13:59:51,171 MESSAGE: Update Test List - [VH035 - Vcheck RDW-SD]
 2025-05-05 13:59:51,272 MESSAGE: Update Test List - [VH036 - Vcheck RET%]
 2025-05-05 13:59:51,351 MESSAGE: Update Test List - [VH037 - Vcheck RET#]
 2025-05-05 13:59:51,436 MESSAGE: Update Test List - [VH038 - Vcheck IPE]
 2025-05-05 13:59:51,524 MESSAGE: Update Test List - [VH039 - Vcheck IRF]
 2025-05-05 13:59:51,654 MESSAGE: Update Test List - [VH040 - Vcheck LFR]
 2025-05-05 13:59:51,780 MESSAGE: Update Test List - [VH041 - Vcheck MFR]
 2025-05-05 13:59:51,894 MESSAGE: Update Test List - [VH042 - Vcheck HFR]
 2025-05-05 13:59:52,002 MESSAGE: Update Test List - [VH043 - Vcheck RET-HE (RET-HGB)]
 2025-05-05 13:59:52,117 MESSAGE: Update Test List - [VI001 - Vcheck Inflammation]
 2025-05-05 13:59:52,204 MESSAGE: Update Test List - [VI002 - Vcheck CRP]
 2025-05-05 13:59:52,307 MESSAGE: Update Test List - [VI003 - Vcheck SAA]
 2025-05-05 13:59:52,403 MESSAGE: Update Test List - [VI004 - Vcheck cPL]
 2025-05-05 13:59:52,531 MESSAGE: Update Test List - [VI005 - Vcheck fPL]
 2025-05-05 13:59:52,637 MESSAGE: Update Test List - [VI006 - Vcheck SDMA]
 2025-05-05 13:59:52,730 MESSAGE: Update Test List - [VI007 - Vcheck cCortisol]
 2025-05-05 13:59:52,822 MESSAGE: Update Test List - [VI008 - Vcheck TT4]
 2025-05-05 13:59:52,932 MESSAGE: Update Test List - [VI009 - Vcheck fT4]
 2025-05-05 13:59:53,027 MESSAGE: Update Test List - [VI010 - Vcheck cTSH]
 2025-05-05 13:59:53,128 MESSAGE: Update Test List - [VI011 - Vcheck cProgesterone]
 2025-05-05 13:59:53,216 MESSAGE: Update Test List - [VI012 - Vcheck D-dimer]
 2025-05-05 13:59:53,345 MESSAGE: Update Test List - [VI013 - Vcheck Canine NT-proBNP]
 2025-05-05 13:59:53,446 MESSAGE: Update Test List - [VI014 - Vcheck Feline NT-proBNP]
 2025-05-05 13:59:53,564 MESSAGE: Update Test List - [VI015 - Vcheck Canine TnI]
 2025-05-05 13:59:53,685 MESSAGE: Update Test List - [VI016 - Vcheck Feline TnI]
 2025-05-05 13:59:53,835 MESSAGE: Update Test List - [VM001 - VCheck Ehrlichia spp.]
 2025-05-05 13:59:53,974 MESSAGE: Update Test List - [VM002 - Vcheck Hepatozoon spp.]
 2025-05-05 13:59:54,116 MESSAGE: Update Test List - [VM003 - Vcheck Canine hemotropic mycoplasma]
 2025-05-05 13:59:54,247 MESSAGE: Update Test List - [VM004 - Vcheck Anaplasma spp.]
 2025-05-05 13:59:54,389 MESSAGE: Update Test List - [VM005 - Vcheck Rickettsia rickettsii]
 2025-05-05 13:59:54,525 MESSAGE: Update Test List - [VM006 - Vcheck Babesia canis canis]
 2025-05-05 13:59:54,666 MESSAGE: Update Test List - [VM007 - Vcheck Babesia gibsoni]
 2025-05-05 13:59:54,753 MESSAGE: Update Test List - [VM008 - Vcheck Babesia spp.]
 2025-05-05 13:59:54,848 MESSAGE: Update Test List - [VM009 - Vcheck Leishmania spp.]
 2025-05-05 13:59:54,950 MESSAGE: Update Test List - [VM010 - Vcheck Bartonella spp.]
 2025-05-05 13:59:55,040 MESSAGE: Update Test List - [VM011 - Vcheck Canine parvovirus type 2]
 2025-05-05 13:59:55,160 MESSAGE: Update Test List - [VM012 - Vcheck Canine coronavirus]
 2025-05-05 13:59:55,263 MESSAGE: Update Test List - [VM013 - Vcheck Canine distempervirus]
 2025-05-05 13:59:55,379 MESSAGE: Update Test List - [VM014 - Vcheck Giardia lamblia]
 2025-05-05 13:59:55,476 MESSAGE: Update Test List - [VM015 - Vcheck Cryptosporidium spp.]
 2025-05-05 13:59:55,604 MESSAGE: Update Test List - [VM016 - Vcheck Salmonella spp.]
 2025-05-05 13:59:55,725 MESSAGE: Update Test List - [VM017 - Vcheck Clostridium pefringens]
 2025-05-05 13:59:55,833 MESSAGE: Update Test List - [VM018 - Vcheck Campylobacter spp.]
 2025-05-05 13:59:55,940 MESSAGE: Update Test List - [VM019 - Vcheck Feline parvovirus]
 2025-05-05 13:59:56,047 MESSAGE: Update Test List - [VM020 - Vcheck Feline coronavirus]
 2025-05-05 13:59:56,141 MESSAGE: Update Test List - [VM021 - Vcheck Giardia lamblia]
 2025-05-05 13:59:56,229 MESSAGE: Update Test List - [VM022 - Vcheck Tritrichomonas blagburni]
 2025-05-05 13:59:56,325 MESSAGE: Update Test List - [VM023 - Vcheck Toxoplasma gondii]
 2025-05-05 13:59:56,469 MESSAGE: Update Test List - [VM024 - Vcheck Salmonella spp.]
 2025-05-05 13:59:56,617 MESSAGE: Update Test List - [VM025 - Vcheck Campylobacter spp.]
 2025-05-05 13:59:56,748 MESSAGE: Update Test List - [VM026 - Vcheck Cryptosporidium spp.]
 2025-05-05 13:59:56,867 MESSAGE: Update Test List - [VM027 - Vcheck Feline immnodeficiency virus]
 2025-05-05 13:59:56,973 MESSAGE: Update Test List - [VM028 - Vcheck Feline leukemia virus]
 2025-05-05 13:59:57,098 MESSAGE: Update Test List - [VM029 - Vcheck Ehrlichia spp.]
 2025-05-05 13:59:57,189 MESSAGE: Update Test List - [VM030 - Vcheck Hepatozoon spp.]
 2025-05-05 13:59:57,283 MESSAGE: Update Test List - [VM031 - Vcheck Canine hemotropic mycoplasma]
 2025-05-05 13:59:57,413 MESSAGE: Update Test List - [VM032 - Vcheck Anaplasma spp.]
 2025-05-05 13:59:57,569 MESSAGE: Update Test List - [VM033 - Vcheck Rickettsia rickettsii]
 2025-05-05 13:59:57,712 MESSAGE: Update Test List - [VM034 - Vcheck Babesia canis canis]
 2025-05-05 13:59:57,838 MESSAGE: Update Test List - [VM035 - Vcheck Babesia gibsoni]
 2025-05-05 13:59:57,962 MESSAGE: Update Test List - [VM036 - Vcheck Babesia spp.]
 2025-05-05 13:59:58,101 MESSAGE: Update Test List - [VM037 - Vcheck Leptospira interrogans]
 2025-05-05 13:59:58,228 MESSAGE: Update Test List - [VM038 - Vcheck Borrelia spp.]
 2025-05-05 13:59:58,363 MESSAGE: Update Test List - [VM039 - Vcheck Feline immnodeficiency virus]
 2025-05-05 13:59:58,505 MESSAGE: Update Test List - [VM040 - Vcheck Feline leukemia virus]
 2025-05-05 13:59:58,625 MESSAGE: Update Test List - [VM041 - Vcheck Ehrlichia spp.]
 2025-05-05 13:59:58,765 MESSAGE: Update Test List - [VM042 - Vcheck Anaplasma spp.]
 2025-05-05 13:59:58,907 MESSAGE: Update Test List - [VM043 - Vcheck Bartonella spp.]
 2025-05-05 13:59:59,047 MESSAGE: Update Test List - [VM044 - Vcheck Cytauxzoon felis]
 2025-05-05 13:59:59,184 MESSAGE: Update Test List - [VM045 - Vcheck Feline hemotropic mycoplasma]
 2025-05-05 13:59:59,319 MESSAGE: Update Test List - [VM046 - Vcheck Canine distemper virus]
 2025-05-05 13:59:59,445 MESSAGE: Update Test List - [VM047 - Vcheck Canine adenovirus type 2]
 2025-05-05 13:59:59,599 MESSAGE: Update Test List - [VM048 - Vcheck Bordetella bronchiseptica]
 2025-05-05 13:59:59,738 MESSAGE: Update Test List - [VM049 - Vcheck Canine influenza virus]
 2025-05-05 13:59:59,866 MESSAGE: Update Test List - [VM050 - Vcheck Canine parainfluenza virus]
 2025-05-05 14:00:00,016 MESSAGE: Update Test List - [VM051 - Vcheck Canine herpesvirus type 1]
 2025-05-05 14:00:00,165 MESSAGE: Update Test List - [VM052 - Vcheck Canine respiratory coronavirus]
 2025-05-05 14:00:00,287 MESSAGE: Update Test List - [VM053 - Vcheck Mycoplasma cynos]
 2025-05-05 14:00:00,422 MESSAGE: Update Test List - [VM054 - Vcheck Feline herpesvirus type 1]
 2025-05-05 14:00:00,556 MESSAGE: Update Test List - [VM055 - Vcheck Feline calicivirus]
 2025-05-05 14:00:00,708 MESSAGE: Update Test List - [VM056 - Vcheck Mycoplasma felis]
 2025-05-05 14:00:00,886 MESSAGE: Update Test List - [VM057 - Vcheck Chlamydophilia felis]
 2025-05-05 14:00:01,013 MESSAGE: Update Test List - [VM058 - Vcheck Influenza virus]
 2025-05-05 14:00:01,151 MESSAGE: Update Test List - [VM059 - Vcheck Bordetella bronchiseptica]
 2025-05-05 14:00:01,281 MESSAGE: Update Test List - [VM060 - Vcheck Streptococous zooepidemicus]
 2025-05-05 14:00:01,394 MESSAGE: Update Test List - [VM061 - Vcheck Foot-and-mouth disease virus]
 2025-05-05 14:00:01,500 MESSAGE: Update Test List - [VM062 - Vcheck African Swine Fever Virus]
 2025-05-05 14:00:01,608 MESSAGE: Update Test List - [VM063 - Vcheck Avian influenza virus]
 2025-05-05 14:00:01,705 MESSAGE: Update Test List - [VM064 - Vcheck Lumpy skin disease virus]
 2025-05-05 14:00:01,808 MESSAGE: Update Test List - [VM065 - Vcheck Foot-and-mouth disease virus]
 2025-05-05 14:00:01,917 MESSAGE: Update Test List - [VU001 - Vcheck LEU]
 2025-05-05 14:00:02,018 MESSAGE: Update Test List - [VU002 - Vcheck KET]
 2025-05-05 14:00:02,142 MESSAGE: Update Test List - [VU003 - Vcheck URO]
 2025-05-05 14:00:02,266 MESSAGE: Update Test List - [VU004 - Vcheck BIL]
 2025-05-05 14:00:02,386 MESSAGE: Update Test List - [VU005 - Vcheck PRO]
 2025-05-05 14:00:02,507 MESSAGE: Update Test List - [VU006 - Vcheck GLU]
 2025-05-05 14:00:02,668 MESSAGE: Update Test List - [VU007 - Vcheck SG]
 2025-05-05 14:00:02,814 MESSAGE: Update Test List - [VU008 - Vcheck BLD]
 2025-05-05 14:00:02,995 MESSAGE: Update Test List - [VU009 - Vcheck pH]
 2025-05-05 14:00:03,134 MESSAGE: Update Test List - [VU010 - Vcheck Vit C]
 2025-05-05 14:00:03,277 MESSAGE: Update Test List - [VU011 - Vcheck MA]
 2025-05-05 14:00:03,425 MESSAGE: Update Test List - [VU012 - Vcheck CRE]
 2025-05-05 14:00:03,553 MESSAGE: Update Test List - [VU013 - Vcheck CA]
 2025-05-05 14:00:03,731 MESSAGE: Update Test List - [VU014 - Vcheck UPC]
 2025-05-05 14:00:03,917 MESSAGE: Update Test List - [VU015 - Vcheck RBC]
 2025-05-05 14:00:04,086 MESSAGE: Update Test List - [VU016 - Vcheck Dysmorphic RBC]
 2025-05-05 14:00:04,252 MESSAGE: Update Test List - [VU017 - Vcheck WBC]
 2025-05-05 14:00:04,411 MESSAGE: Update Test List - [VU018 - Vcheck SEC]
 2025-05-05 14:00:04,573 MESSAGE: Update Test List - [VU019 - Vcheck N-SEC]
 2025-05-05 14:00:04,728 MESSAGE: Update Test List - [VU020 - Vcheck Renal TEC]
 2025-05-05 14:00:04,867 MESSAGE: Update Test List - [VU021 - Vcheck Hyaline Casts]
 2025-05-05 14:00:05,018 MESSAGE: Update Test List - [VU022 - Vcheck Pathological Casts]
 2025-05-05 14:00:05,183 MESSAGE: Update Test List - [VU023 - Vcheck COC]
 2025-05-05 14:00:05,337 MESSAGE: Update Test List - [VU024 - Vcheck UAC]
 2025-05-05 14:00:05,505 MESSAGE: Update Test List - [VU025 - Vcheck Struvite Crystals]
 2025-05-05 14:00:05,682 MESSAGE: Update Test List - [VU026 - Vcheck U-Crystals]
 2025-05-05 14:00:05,856 MESSAGE: Update Test List - [VU027 - Vcheck Bacteria Rods]
 2025-05-05 14:00:05,997 MESSAGE: Update Test List - [VU028 - Vcheck Bacteria Cocci]
 2025-05-05 14:00:06,165 MESSAGE: Update Test List - [VU029 - Vcheck Fungus]
 2025-05-05 14:00:06,314 MESSAGE: Update Test List - [VU030 - Vcheck Sperm]
 2025-05-05 14:00:06,446 MESSAGE: Update Test List - [VU031 - Vcheck Etc.]
 2025-05-05 14:00:06,592 MESSAGE: Update Test List - [VU032 - Vcheck RBC Phase Parameters]
 2025-05-05 14:00:06,764 MESSAGE: Update Test List - [VU033 - Vcheck R-RATE]
 2025-05-05 14:00:06,928 MESSAGE: Update Test List - [VU034 - Vcheck MCV]
 2025-05-05 14:00:07,092 MESSAGE: Update Test List - [VU035 - Vcheck MCV-CV]
 2025-05-05 14:00:07,266 MESSAGE: Update Test List - [VU036 - Vcheck Conductivity]
 2025-05-05 14:00:07,435 MESSAGE: Update Test List - [VU037 - Vcheck Osmolality]
 2025-05-05 14:00:07,588 MESSAGE: Update Test List - [VU038 - Vcheck Color]
 2025-05-05 14:00:07,723 MESSAGE: Update Test List - [VU039 - Vcheck Turbidity]
 2025-05-05 14:00:07,723 MESSAGE: GetMasterTestsList COMPLETED
 2025-05-05 14:00:07,730 MESSAGE: GetMasterLocationList BEGIN
 2025-05-05 14:00:07,732 MESSAGE: Get data from GetLocationList API.
 2025-05-05 14:00:08,267 MESSAGE: Received response data from GetLocationList API.
 2025-05-05 14:00:08,630 MESSAGE: Update Location List - [1 ~ Clinic Nova]
 2025-05-05 14:00:08,788 MESSAGE: Update Location List - [2 ~ Clinic Urban]
 2025-05-05 14:00:08,789 MESSAGE: GetMasterLocationList COMPLETED
 