2025-03-24 16:03:32,433 ERROR VPMS.Program.GetPatientProfile [804] - MESSAGE: Controller Error >> 
 System.InvalidCastException: Can't convert NULL to Int32
   at MySqlConnector.Core.Row.GetInt32(Int32 ordinal) in /_/src/MySqlConnector/Core/Row.cs:line 240
   at MySqlConnector.MySqlDataReader.GetInt32(Int32 ordinal) in /_/src/MySqlConnector/MySqlDataReader.cs:line 240
   at lambda_method1264(Closure, QueryContext, DbDataReader, ResultContext, SingleQueryResultCoordinator)
   at Microsoft.EntityFrameworkCore.Query.Internal.SingleQueryingEnumerable`1.Enumerator.MoveNext()
   at System.Collections.Generic.List`1..ctor(IEnumerable`1 collection)
   at System.Linq.Enumerable.ToList[TSource](IEnumerable`1 source)
   at VPMSWeb.Controllers.PatientsController.GetPatientProfile(Int32 patientid) in C:\Dev\VPMS\VPMS\Controllers\PatientsController.cs:line 804

----------------------------------------------------------------------------

2025-03-24 16:03:48,436 ERROR VPMS.Program.GetPatientProfile [804] - MESSAGE: Controller Error >> 
 System.InvalidCastException: Can't convert NULL to Int32
   at MySqlConnector.Core.Row.GetInt32(Int32 ordinal) in /_/src/MySqlConnector/Core/Row.cs:line 240
   at MySqlConnector.MySqlDataReader.GetInt32(Int32 ordinal) in /_/src/MySqlConnector/MySqlDataReader.cs:line 240
   at lambda_method1264(Closure, QueryContext, DbDataReader, ResultContext, SingleQueryResultCoordinator)
   at Microsoft.EntityFrameworkCore.Query.Internal.SingleQueryingEnumerable`1.Enumerator.MoveNext()
   at System.Collections.Generic.List`1..ctor(IEnumerable`1 collection)
   at System.Linq.Enumerable.ToList[TSource](IEnumerable`1 source)
   at VPMSWeb.Controllers.PatientsController.GetPatientProfile(Int32 patientid) in C:\Dev\VPMS\VPMS\Controllers\PatientsController.cs:line 804

----------------------------------------------------------------------------

2025-03-24 16:04:04,092 ERROR VPMS.Program.GetPatientProfile [804] - MESSAGE: Controller Error >> 
 System.InvalidCastException: Can't convert NULL to Int32
   at MySqlConnector.Core.Row.GetInt32(Int32 ordinal) in /_/src/MySqlConnector/Core/Row.cs:line 240
   at MySqlConnector.MySqlDataReader.GetInt32(Int32 ordinal) in /_/src/MySqlConnector/MySqlDataReader.cs:line 240
   at lambda_method1173(Closure, QueryContext, DbDataReader, ResultContext, SingleQueryResultCoordinator)
   at Microsoft.EntityFrameworkCore.Query.Internal.SingleQueryingEnumerable`1.Enumerator.MoveNext()
   at System.Collections.Generic.List`1..ctor(IEnumerable`1 collection)
   at System.Linq.Enumerable.ToList[TSource](IEnumerable`1 source)
   at VPMSWeb.Controllers.PatientsController.GetPatientProfile(Int32 patientid) in C:\Dev\VPMS\VPMS\Controllers\PatientsController.cs:line 804

----------------------------------------------------------------------------

