2025-06-12 08:16:32,933 ERROR VPMS.Program.OnException [12] - MESSAGE: Unhandled Error >> 
 System.NullReferenceException: Object reference not set to an instance of an object.
   at VPMSWeb.Controllers.InvoiceReceiptController.CreateInvoice() in C:\Dev\VPMS\VPMS\Controllers\InvoiceReceiptController.cs:line 59
   at lambda_method1764(Closure, Object, Object[])
   at Microsoft.AspNetCore.Mvc.Infrastructure.ControllerActionInvoker.InvokeActionMethodAsync()
   at Microsoft.AspNetCore.Mvc.Infrastructure.ControllerActionInvoker.Next(State& next, Scope& scope, Object& state, Boolean& isCompleted)
   at Microsoft.AspNetCore.Mvc.Infrastructure.ControllerActionInvoker.InvokeNextActionFilterAsync()
--- End of stack trace from previous location ---
   at Microsoft.AspNetCore.Mvc.Infrastructure.ControllerActionInvoker.Rethrow(ActionExecutedContextSealed context)
   at Microsoft.AspNetCore.Mvc.Infrastructure.ControllerActionInvoker.Next(State& next, Scope& scope, Object& state, Boolean& isCompleted)
   at Microsoft.AspNetCore.Mvc.Infrastructure.ControllerActionInvoker.InvokeInnerFilterAsync()
--- End of stack trace from previous location ---
   at Microsoft.AspNetCore.Mvc.Infrastructure.ResourceInvoker.<InvokeNextExceptionFilterAsync>g__Awaited|26_0(ResourceInvoker invoker, Task lastTask, State next, Scope scope, Object state, Boolean isCompleted)

----------------------------------------------------------------------------

2025-06-12 14:05:41,563 ERROR VPMS.Lib.Data.BannerRepository.InsertBanners [106] - MESSAGE: BannerRepository >>> InsertBanners >>> System.InvalidOperationException: Nullable object must have a value.
   at System.Nullable`1.get_Value()
   at VPMS.Lib.Data.BannerRepository.InsertBanners(IConfiguration config, BannerModel sInputObject) in C:\Dev\VPMS\VPMS.Lib.Data\BannerRepository.cs:line 106
 
----------------------------------------------------------------------------

2025-06-12 14:05:52,942 ERROR VPMS.Lib.Data.BannerRepository.InsertBanners [106] - MESSAGE: BannerRepository >>> InsertBanners >>> System.InvalidOperationException: Nullable object must have a value.
   at System.Nullable`1.get_Value()
   at VPMS.Lib.Data.BannerRepository.InsertBanners(IConfiguration config, BannerModel sInputObject) in C:\Dev\VPMS\VPMS.Lib.Data\BannerRepository.cs:line 106
 
----------------------------------------------------------------------------

2025-06-12 14:07:03,241 ERROR VPMS.Lib.Data.BannerRepository.InsertBanners [106] - MESSAGE: BannerRepository >>> InsertBanners >>> System.InvalidOperationException: Nullable object must have a value.
   at System.Nullable`1.get_Value()
   at VPMS.Lib.Data.BannerRepository.InsertBanners(IConfiguration config, BannerModel sInputObject) in C:\Dev\VPMS\VPMS.Lib.Data\BannerRepository.cs:line 106
 
----------------------------------------------------------------------------

2025-06-12 14:07:07,508 ERROR VPMS.Lib.Data.BannerRepository.InsertBanners [106] - MESSAGE: BannerRepository >>> InsertBanners >>> System.InvalidOperationException: Nullable object must have a value.
   at System.Nullable`1.get_Value()
   at VPMS.Lib.Data.BannerRepository.InsertBanners(IConfiguration config, BannerModel sInputObject) in C:\Dev\VPMS\VPMS.Lib.Data\BannerRepository.cs:line 106
 
----------------------------------------------------------------------------

