2024-11-04 14:15:35,892 ERROR VPMS.Program.MoveNext [92] - MESSAGE: Controller Error >> 
 System.FormatException: The input is not a valid Base-64 string as it contains a non-base 64 character, more than two padding characters, or an illegal character among the padding characters.
   at System.Convert.FromBase64CharPtr(Char* inputPtr, Int32 inputLength)
   at System.Convert.FromBase64String(String s)
   at Microsoft.AspNetCore.Identity.PasswordHasher`1.VerifyHashedPassword(TUser user, String hashedPassword, String providedPassword)
   at Microsoft.AspNetCore.Identity.UserManager`1.VerifyPasswordAsync(IUserPasswordStore`1 store, TUser user, String password)
   at Microsoft.AspNetCore.Identity.UserManager`1.CheckPasswordAsync(TUser user, String password)
   at Microsoft.AspNetCore.Identity.SignInManager`1.CheckPasswordSignInAsync(TUser user, String password, Boolean lockoutOnFailure)
   at Microsoft.AspNetCore.Identity.SignInManager`1.PasswordSignInAsync(TUser user, String password, Boolean isPersistent, Boolean lockoutOnFailure)
   at Microsoft.AspNetCore.Identity.SignInManager`1.PasswordSignInAsync(String userName, String password, Boolean isPersistent, Boolean lockoutOnFailure)
   at VPMSWeb.Controllers.LoginController.SignIn(LoginModel loginInfo) in C:\Dev\VPMS\VPMS\Controllers\LoginController.cs:line 92

----------------------------------------------------------------------------

2024-11-04 14:16:22,362 ERROR VPMS.Program.Index [68] - MESSAGE: Controller Error >> 
 System.NullReferenceException: Object reference not set to an instance of an object.
   at VPMSWeb.Controllers.HomeController.<>c__DisplayClass3_0.<Index>b__2(MastercodeModel x) in C:\Dev\VPMS\VPMS\Controllers\HomeController.cs:line 68
   at System.Linq.Enumerable.WhereListIterator`1.MoveNext()
   at System.Linq.Enumerable.TryGetFirst[TSource](IEnumerable`1 source, Boolean& found)
   at System.Linq.Enumerable.FirstOrDefault[TSource](IEnumerable`1 source)
   at VPMSWeb.Controllers.HomeController.Index() in C:\Dev\VPMS\VPMS\Controllers\HomeController.cs:line 68

----------------------------------------------------------------------------

2024-11-04 14:56:01,797 ERROR VPMS.Program.OnException [12] - MESSAGE: Unhandled Error >> 
 System.InvalidOperationException: Cannot return null from an action method with a return type of 'Microsoft.AspNetCore.Mvc.IActionResult'.
   at Microsoft.AspNetCore.Mvc.Infrastructure.ActionMethodExecutor.EnsureActionResultNotNull(ObjectMethodExecutor executor, IActionResult actionResult)
   at Microsoft.AspNetCore.Mvc.Infrastructure.ActionMethodExecutor.SyncActionResultExecutor.Execute(ActionContext actionContext, IActionResultTypeMapper mapper, ObjectMethodExecutor executor, Object controller, Object[] arguments)
   at Microsoft.AspNetCore.Mvc.Infrastructure.ControllerActionInvoker.InvokeActionMethodAsync()
   at Microsoft.AspNetCore.Mvc.Infrastructure.ControllerActionInvoker.Next(State& next, Scope& scope, Object& state, Boolean& isCompleted)
   at Microsoft.AspNetCore.Mvc.Infrastructure.ControllerActionInvoker.InvokeNextActionFilterAsync()
--- End of stack trace from previous location ---
   at Microsoft.AspNetCore.Mvc.Infrastructure.ControllerActionInvoker.Rethrow(ActionExecutedContextSealed context)
   at Microsoft.AspNetCore.Mvc.Infrastructure.ControllerActionInvoker.Next(State& next, Scope& scope, Object& state, Boolean& isCompleted)
   at Microsoft.AspNetCore.Mvc.Infrastructure.ControllerActionInvoker.InvokeInnerFilterAsync()
--- End of stack trace from previous location ---
   at Microsoft.AspNetCore.Mvc.Infrastructure.ResourceInvoker.<InvokeNextExceptionFilterAsync>g__Awaited|26_0(ResourceInvoker invoker, Task lastTask, State next, Scope scope, Object state, Boolean isCompleted)

----------------------------------------------------------------------------

